<?xml version="1.0" encoding="UTF-8"?>
<testng-results ignored="0" total="1" passed="1" failed="0" skipped="0">
  <reporter-output>
  </reporter-output>
  <suite started-at="2023-04-07T10:37:31 IST" name="Default suite" finished-at="2023-04-07T10:37:50 IST" duration-ms="18852">
    <groups>
    </groups>
    <test started-at="2023-04-07T10:37:31 IST" name="Default test" finished-at="2023-04-07T10:37:50 IST" duration-ms="18852">
      <class name="FrmWrk_TestCase.TestMCF_PageObject">
        <test-method is-config="true" signature="setup()[pri:0, instance:FrmWrk_TestCase.TestMCF_PageObject@2b48a640]" started-at="2023-04-07T10:37:31 IST" name="setup" finished-at="2023-04-07T10:37:36 IST" duration-ms="4669" status="PASS">
          <reporter-output>
          </reporter-output>
        </test-method> <!-- setup -->
        <test-method signature="test_MCF_PO_PF()[pri:0, instance:FrmWrk_TestCase.TestMCF_PageObject@2b48a640]" started-at="2023-04-07T10:37:36 IST" name="test_MCF_PO_PF" finished-at="2023-04-07T10:37:50 IST" duration-ms="13927" status="PASS">
          <reporter-output>
          </reporter-output>
        </test-method> <!-- test_MCF_PO_PF -->
        <test-method is-config="true" signature="close()[pri:0, instance:FrmWrk_TestCase.TestMCF_PageObject@2b48a640]" started-at="2023-04-07T10:37:50 IST" name="close" finished-at="2023-04-07T10:37:50 IST" duration-ms="193" status="PASS">
          <reporter-output>
          </reporter-output>
        </test-method> <!-- close -->
      </class> <!-- FrmWrk_TestCase.TestMCF_PageObject -->
    </test> <!-- Default test -->
  </suite> <!-- Default suite -->
</testng-results>
